  Matrix.cpp
D:\Languages\ProgramLanguages\Matrix\Matrix.cpp(14,18): error C2433: Matrix: "friend" не разрешается для объявлений данных
D:\Languages\ProgramLanguages\Matrix\Matrix.cpp(14,18): error C4430: отсутствует спецификатор типа - предполагается int. Примечание. C++ не поддерживает int по умолчанию
D:\Languages\ProgramLanguages\Matrix\Matrix.cpp(76,20): error C2146: синтаксическая ошибка: отсутствие ";" перед идентификатором "A"
D:\Languages\ProgramLanguages\Matrix\Matrix.cpp(76,20): error C2065: A: необъявленный идентификатор
D:\Languages\ProgramLanguages\Matrix\Matrix.cpp(76,23): error C2065: B: необъявленный идентификатор
D:\Languages\ProgramLanguages\Matrix\Matrix.cpp(77,20): error C2065: A: необъявленный идентификатор
D:\Languages\ProgramLanguages\Matrix\Matrix.cpp(78,20): error C2065: B: необъявленный идентификатор
D:\Languages\ProgramLanguages\Matrix\Matrix.cpp(79,21): error C2065: A: необъявленный идентификатор
D:\Languages\ProgramLanguages\Matrix\Matrix.cpp(79,42): error C2065: B: необъявленный идентификатор
D:\Languages\ProgramLanguages\Matrix\Matrix.cpp(288,44): warning C4244: +=: преобразование "float" в "int", возможна потеря данных
D:\Languages\ProgramLanguages\Matrix\Matrix.cpp(453,16): error C2143: синтаксическая ошибка: отсутствие ";" перед "Matrix::operator ="
D:\Languages\ProgramLanguages\Matrix\Matrix.cpp(453,26): error C4430: отсутствует спецификатор типа - предполагается int. Примечание. C++ не поддерживает int по умолчанию
D:\Languages\ProgramLanguages\Matrix\Matrix.cpp(453,1): error C2086: int Matrix: переопределение
D:\Languages\ProgramLanguages\Matrix\Matrix.cpp(14): message : см. объявление "Matrix"
D:\Languages\ProgramLanguages\Matrix\Matrix.cpp(454,1): error C4430: отсутствует спецификатор типа - предполагается int. Примечание. C++ не поддерживает int по умолчанию
D:\Languages\ProgramLanguages\Matrix\Matrix.cpp(454,1): error C2556: int Matrix::operator =(const Matrix &): перегруженная функция отличается от "Matrix Matrix::operator =(const Matrix &)" только возвращаемым типом
D:\Languages\ProgramLanguages\Matrix\Matrix.cpp(54): message : см. объявление "Matrix::operator ="
D:\Languages\ProgramLanguages\Matrix\Matrix.cpp(453,16): error C2371: Matrix::operator =: переопределение; различные базовые типы
D:\Languages\ProgramLanguages\Matrix\Matrix.cpp(54): message : см. объявление "Matrix::operator ="
D:\Languages\ProgramLanguages\Matrix\Matrix.cpp(466,16): error C2143: синтаксическая ошибка: отсутствие ";" перед "Matrix::operator +"
D:\Languages\ProgramLanguages\Matrix\Matrix.cpp(466,26): error C4430: отсутствует спецификатор типа - предполагается int. Примечание. C++ не поддерживает int по умолчанию
D:\Languages\ProgramLanguages\Matrix\Matrix.cpp(466,1): error C2086: int Matrix: переопределение
D:\Languages\ProgramLanguages\Matrix\Matrix.cpp(14): message : см. объявление "Matrix"
D:\Languages\ProgramLanguages\Matrix\Matrix.cpp(467,1): error C4430: отсутствует спецификатор типа - предполагается int. Примечание. C++ не поддерживает int по умолчанию
D:\Languages\ProgramLanguages\Matrix\Matrix.cpp(467,1): error C2556: int Matrix::operator +(const Matrix &): перегруженная функция отличается от "Matrix Matrix::operator +(const Matrix &)" только возвращаемым типом
D:\Languages\ProgramLanguages\Matrix\Matrix.cpp(55): message : см. объявление "Matrix::operator +"
D:\Languages\ProgramLanguages\Matrix\Matrix.cpp(466,16): error C2371: Matrix::operator +: переопределение; различные базовые типы
D:\Languages\ProgramLanguages\Matrix\Matrix.cpp(55): message : см. объявление "Matrix::operator +"
D:\Languages\ProgramLanguages\Matrix\Matrix.cpp(486,16): error C2143: синтаксическая ошибка: отсутствие ";" перед "Matrix::operator -"
D:\Languages\ProgramLanguages\Matrix\Matrix.cpp(486,26): error C4430: отсутствует спецификатор типа - предполагается int. Примечание. C++ не поддерживает int по умолчанию
D:\Languages\ProgramLanguages\Matrix\Matrix.cpp(486,1): error C2086: int Matrix: переопределение
D:\Languages\ProgramLanguages\Matrix\Matrix.cpp(14): message : см. объявление "Matrix"
D:\Languages\ProgramLanguages\Matrix\Matrix.cpp(487,1): error C4430: отсутствует спецификатор типа - предполагается int. Примечание. C++ не поддерживает int по умолчанию
D:\Languages\ProgramLanguages\Matrix\Matrix.cpp(487,1): error C2556: int Matrix::operator -(const Matrix &): перегруженная функция отличается от "Matrix Matrix::operator -(const Matrix &)" только возвращаемым типом
D:\Languages\ProgramLanguages\Matrix\Matrix.cpp(56): message : см. объявление "Matrix::operator -"
D:\Languages\ProgramLanguages\Matrix\Matrix.cpp(486,16): error C2371: Matrix::operator -: переопределение; различные базовые типы
D:\Languages\ProgramLanguages\Matrix\Matrix.cpp(56): message : см. объявление "Matrix::operator -"
D:\Languages\ProgramLanguages\Matrix\Matrix.cpp(506,41): error C2061: синтаксическая ошибка: идентификатор "Matrix"
D:\Languages\ProgramLanguages\Matrix\Matrix.cpp(507,1): error C2805: бинарный "operator >>" имеет слишком мало параметров
D:\Languages\ProgramLanguages\Matrix\Matrix.cpp(509,11): error C2065: a: необъявленный идентификатор
D:\Languages\ProgramLanguages\Matrix\Matrix.cpp(510,9): error C2065: a: необъявленный идентификатор
D:\Languages\ProgramLanguages\Matrix\Matrix.cpp(515,19): error C2065: a: необъявленный идентификатор
D:\Languages\ProgramLanguages\Matrix\Matrix.cpp(516,18): error C2065: a: необъявленный идентификатор
D:\Languages\ProgramLanguages\Matrix\Matrix.cpp(519,11): error C2065: a: необъявленный идентификатор
D:\Languages\ProgramLanguages\Matrix\Matrix.cpp(520,9): error C2065: a: необъявленный идентификатор
D:\Languages\ProgramLanguages\Matrix\Matrix.cpp(525,19): error C2065: a: необъявленный идентификатор
D:\Languages\ProgramLanguages\Matrix\Matrix.cpp(526,18): error C2065: a: необъявленный идентификатор
D:\Languages\ProgramLanguages\Matrix\Matrix.cpp(528,5): error C2065: a: необъявленный идентификатор
D:\Languages\ProgramLanguages\Matrix\Matrix.cpp(528,26): error C2065: a: необъявленный идентификатор
D:\Languages\ProgramLanguages\Matrix\Matrix.cpp(528,33): error C3078: размер массива должен быть указан в новых выражениях
D:\Languages\ProgramLanguages\Matrix\Matrix.cpp(529,25): error C2065: a: необъявленный идентификатор
D:\Languages\ProgramLanguages\Matrix\Matrix.cpp(531,9): error C2065: a: необъявленный идентификатор
D:\Languages\ProgramLanguages\Matrix\Matrix.cpp(531,31): error C2065: a: необъявленный идентификатор
D:\Languages\ProgramLanguages\Matrix\Matrix.cpp(531,38): error C3078: размер массива должен быть указан в новых выражениях
D:\Languages\ProgramLanguages\Matrix\Matrix.cpp(532,29): error C2065: a: необъявленный идентификатор
D:\Languages\ProgramLanguages\Matrix\Matrix.cpp(535,19): error C2065: a: необъявленный идентификатор
D:\Languages\ProgramLanguages\Matrix\Matrix.cpp(541,48): error C4430: отсутствует спецификатор типа - предполагается int. Примечание. C++ не поддерживает int по умолчанию
D:\Languages\ProgramLanguages\Matrix\Matrix.cpp(541,48): error C2143: синтаксическая ошибка: отсутствие "," перед "&"
D:\Languages\ProgramLanguages\Matrix\Matrix.cpp(543,25): error C2065: a: необъявленный идентификатор
D:\Languages\ProgramLanguages\Matrix\Matrix.cpp(545,29): error C2065: a: необъявленный идентификатор
D:\Languages\ProgramLanguages\Matrix\Matrix.cpp(547,28): error C2065: a: необъявленный идентификатор
D:\Languages\ProgramLanguages\Matrix\Matrix.cpp(547,20): warning C4473: "printf": передано недостаточно аргументов для строки формата
D:\Languages\ProgramLanguages\Matrix\Matrix.cpp(547,20): message : заполнители и их параметры ожидают переменное число аргументов в количестве 1, но было предоставлено 0
D:\Languages\ProgramLanguages\Matrix\Matrix.cpp(547,20): message : отсутствующий вариативный аргумент "1" требуется для строки форматирования "%.3f"
